2021-01-20T02:45:40+00:00 CRITICAL syntax error, unexpected '>': /Users/kaz_matsuda/Local Sites/kyogkau2021bk4/app/public/wp-content/plugins/woocommerce/templates/single-product/meta.php の行31

2021-01-20T06:45:43+00:00 CRITICAL Uncaught Error: Call to undefined method Automattic\WooCommerce\Admin\Overrides\Order::add_order_item_totals_total_row() in /Users/kaz_matsuda/Local Sites/kyogkau2021bk4/app/public/wp-content/plugins/woocommerce/includes/class-wc-order.php:2076
Stack trace:
#0 /Users/kaz_matsuda/Local Sites/kyogkau2021bk4/app/public/wp-content/plugins/woocommerce/templates/order/order-details.php(82): WC_Order->get_order_item_totals()
#1 /Users/kaz_matsuda/Local Sites/kyogkau2021bk4/app/public/wp-content/plugins/woocommerce/includes/wc-core-functions.php(345): include('/Users/kaz_mats...')
#2 /Users/kaz_matsuda/Local Sites/kyogkau2021bk4/app/public/wp-content/plugins/woocommerce/includes/wc-template-functions.php(2601): wc_get_template('order/order-det...', Array)
#3 /Users/kaz_matsuda/Local Sites/kyogkau2021bk4/app/public/wp-includes/class-wp-hook.php(287): woocommerce_order_details_table(2104)
#4 /Users/kaz_matsuda/Local Sites/kyogkau2021bk4/app/public/wp-includes/class-wp-hook.php(311): WP_Hook->apply_filters('', Array)
#5: /Users/kaz_matsuda/Local Sites/kyogkau2021bk4/app/public/wp-content/plugins/woocommerce/includes/class-wc-order.php の行2076

2021-01-20T15:59:27+00:00 CRITICAL Uncaught Error: Call to a member function get_type() on bool in /Users/kaz_matsuda/Local Sites/kyogkau2021bk4/app/public/wp-content/plugins/woocommerce-rental-and-booking/includes/class-redq-rental-orders.php:129
Stack trace:
#0 /Users/kaz_matsuda/Local Sites/kyogkau2021bk4/app/public/wp-includes/class-wp-hook.php(287): Rnb_Orders->rnb_order_item_totals(Array, Object(WC_Order), 'excl')
#1 /Users/kaz_matsuda/Local Sites/kyogkau2021bk4/app/public/wp-includes/plugin.php(212): WP_Hook->apply_filters(Array, Array)
#2 /Users/kaz_matsuda/Local Sites/kyogkau2021bk4/app/public/wp-content/plugins/woocommerce/includes/class-wc-order.php(2078): apply_filters('woocommerce_get...', Array, Object(WC_Order), 'excl')
#3 /Users/kaz_matsuda/Local Sites/kyogkau2021bk4/app/public/wp-content/plugins/kadence-woocommerce-email-designer/templates/woo/emails/email-order-details.php(296): WC_Order->get_order_item_totals()
#4 /Users/kaz_matsuda/Local Sites/kyogkau2021bk4/app/public/wp-content/plugins/woocommerce/includes/wc-core-functio: /Users/kaz_matsuda/Local Sites/kyogkau2021bk4/app/public/wp-content/plugins/woocommerce-rental-and-booking/includes/class-redq-rental-orders.php の行129

2021-01-20T21:49:03+00:00 CRITICAL Uncaught Error: Call to a member function get_type() on bool in /Users/kaz_matsuda/Local Sites/kyogkau2021bk4/app/public/wp-content/plugins/woocommerce-rental-and-booking/includes/class-redq-rental-orders.php:129
Stack trace:
#0 /Users/kaz_matsuda/Local Sites/kyogkau2021bk4/app/public/wp-includes/class-wp-hook.php(287): Rnb_Orders->rnb_order_item_totals(Array, Object(WC_Order), 'excl')
#1 /Users/kaz_matsuda/Local Sites/kyogkau2021bk4/app/public/wp-includes/plugin.php(212): WP_Hook->apply_filters(Array, Array)
#2 /Users/kaz_matsuda/Local Sites/kyogkau2021bk4/app/public/wp-content/plugins/woocommerce/includes/class-wc-order.php(2078): apply_filters('woocommerce_get...', Array, Object(WC_Order), 'excl')
#3 /Users/kaz_matsuda/Local Sites/kyogkau2021bk4/app/public/wp-content/plugins/kadence-woocommerce-email-designer/templates/woo/emails/email-order-details.php(296): WC_Order->get_order_item_totals()
#4 /Users/kaz_matsuda/Local Sites/kyogkau2021bk4/app/public/wp-content/plugins/woocommerce/includes/wc-core-functio: /Users/kaz_matsuda/Local Sites/kyogkau2021bk4/app/public/wp-content/plugins/woocommerce-rental-and-booking/includes/class-redq-rental-orders.php の行129

2021-01-20T21:50:55+00:00 CRITICAL Uncaught Error: Call to a member function get_type() on bool in /Users/kaz_matsuda/Local Sites/kyogkau2021bk4/app/public/wp-content/plugins/woocommerce-rental-and-booking/includes/class-redq-rental-orders.php:129
Stack trace:
#0 /Users/kaz_matsuda/Local Sites/kyogkau2021bk4/app/public/wp-includes/class-wp-hook.php(287): Rnb_Orders->rnb_order_item_totals(Array, Object(WC_Order), 'excl')
#1 /Users/kaz_matsuda/Local Sites/kyogkau2021bk4/app/public/wp-includes/plugin.php(212): WP_Hook->apply_filters(Array, Array)
#2 /Users/kaz_matsuda/Local Sites/kyogkau2021bk4/app/public/wp-content/plugins/woocommerce/includes/class-wc-order.php(2078): apply_filters('woocommerce_get...', Array, Object(WC_Order), 'excl')
#3 /Users/kaz_matsuda/Local Sites/kyogkau2021bk4/app/public/wp-content/plugins/kadence-woocommerce-email-designer/templates/woo/emails/email-order-details.php(296): WC_Order->get_order_item_totals()
#4 /Users/kaz_matsuda/Local Sites/kyogkau2021bk4/app/public/wp-content/plugins/woocommerce/includes/wc-core-functio: /Users/kaz_matsuda/Local Sites/kyogkau2021bk4/app/public/wp-content/plugins/woocommerce-rental-and-booking/includes/class-redq-rental-orders.php の行129

